{"uuid":"5ae8bfc2-69cd-48e4-a004-2af57f398461","historyId":"cf0a93c70114e875cee91bde14767669","fullName":"com.luma.testcases.ValidSearch.validateSearchProductAppeared","labels":[{"name":"package","value":"com.luma.testcases.ValidSearch"},{"name":"testClass","value":"com.luma.testcases.ValidSearch"},{"name":"testMethod","value":"validateSearchProductAppeared"},{"name":"parentSuite","value":"Default Suite"},{"name":"suite","value":"LumaEcommerceWebsite2"},{"name":"subSuite","value":"com.luma.testcases.ValidSearch"},{"name":"host","value":"DESKTOP-2N5E42V"},{"name":"thread","value":"28792@DESKTOP-2N5E42V.main(1)"},{"name":"framework","value":"testng"},{"name":"language","value":"java"}],"links":[],"name":"validateSearchProductAppeared","status":"broken","statusDetails":{"known":false,"muted":false,"flaky":false,"message":"java.io.FileNotFoundException: src\\test\\java\\properties\\production.properties (The system cannot find the path specified)","trace":"java.lang.RuntimeException: java.io.FileNotFoundException: src\\test\\java\\properties\\production.properties (The system cannot find the path specified)\r\n\tat com.luma.testcases.ValidSearch.validateSearchProductAppeared(ValidSearch.java:23)\r\n\tat java.base/jdk.internal.reflect.DirectMethodHandleAccessor.invoke(DirectMethodHandleAccessor.java:103)\r\n\tat java.base/java.lang.reflect.Method.invoke(Method.java:580)\r\n\tat org.testng.internal.invokers.MethodInvocationHelper.invokeMethod(MethodInvocationHelper.java:141)\r\n\tat org.testng.internal.invokers.TestInvoker.invokeMethod(TestInvoker.java:686)\r\n\tat org.testng.internal.invokers.TestInvoker.invokeTestMethod(TestInvoker.java:230)\r\n\tat org.testng.internal.invokers.MethodRunner.runInSequence(MethodRunner.java:63)\r\n\tat org.testng.internal.invokers.TestInvoker$MethodInvocationAgent.invoke(TestInvoker.java:992)\r\n\tat org.testng.internal.invokers.TestInvoker.invokeTestMethods(TestInvoker.java:203)\r\n\tat org.testng.internal.invokers.TestMethodWorker.invokeTestMethods(TestMethodWorker.java:154)\r\n\tat org.testng.internal.invokers.TestMethodWorker.run(TestMethodWorker.java:134)\r\n\tat java.base/java.util.ArrayList.forEach(ArrayList.java:1596)\r\n\tat org.testng.TestRunner.privateRun(TestRunner.java:739)\r\n\tat org.testng.TestRunner.run(TestRunner.java:614)\r\n\tat org.testng.SuiteRunner.runTest(SuiteRunner.java:421)\r\n\tat org.testng.SuiteRunner.runSequentially(SuiteRunner.java:413)\r\n\tat org.testng.SuiteRunner.privateRun(SuiteRunner.java:373)\r\n\tat org.testng.SuiteRunner.run(SuiteRunner.java:312)\r\n\tat org.testng.SuiteRunnerWorker.runSuite(SuiteRunnerWorker.java:52)\r\n\tat org.testng.SuiteRunnerWorker.run(SuiteRunnerWorker.java:95)\r\n\tat org.testng.TestNG.runSuitesSequentially(TestNG.java:1274)\r\n\tat org.testng.TestNG.runSuitesLocally(TestNG.java:1208)\r\n\tat org.testng.TestNG.runSuites(TestNG.java:1112)\r\n\tat org.testng.TestNG.run(TestNG.java:1079)\r\n\tat com.intellij.rt.testng.IDEARemoteTestNG.run(IDEARemoteTestNG.java:65)\r\n\tat com.intellij.rt.testng.RemoteTestNGStarter.main(RemoteTestNGStarter.java:105)\r\nCaused by: java.io.FileNotFoundException: src\\test\\java\\properties\\production.properties (The system cannot find the path specified)\r\n\tat java.base/java.io.FileInputStream.open0(Native Method)\r\n\tat java.base/java.io.FileInputStream.open(FileInputStream.java:213)\r\n\tat java.base/java.io.FileInputStream.<init>(FileInputStream.java:152)\r\n\tat com.luma.utils.PropertiesUtils.loadProperties(PropertiesUtils.java:11)\r\n\tat com.luma.utils.ConfigUtils.<init>(ConfigUtils.java:19)\r\n\tat com.luma.utils.ConfigUtils.getInstance(ConfigUtils.java:32)\r\n\tat com.luma.pages.HomePage.loadHomePage(HomePage.java:22)\r\n\tat com.luma.testcases.ValidSearch.validateSearchProductAppeared(ValidSearch.java:19)\r\n\t... 25 more\r\n"},"stage":"finished","steps":[],"attachments":[],"parameters":[],"start":1740703631881,"stop":1740703631911}